# JRE version: OpenJDK Runtime Environment Temurin-21.0.5+11 (21.0.5+11) (build 21.0.5+11-LTS)
# Java VM: OpenJDK 64-Bit Server VM Temurin-21.0.5+11 (21.0.5+11-LTS, mixed mode, emulated-client, sharing, tiered, compressed oops, compressed class ptrs, g1 gc, windows-amd64)
GC Precious Log:
 CardTable entry size: 512
 Card Set container configuration: InlinePtr #cards 4 size 8 Array Of Cards #cards 16 size 48 Howl #buckets 8 coarsen threshold 3686 Howl Bitmap #cards 512 size 80 coarsen threshold 460 Card regions per heap region 1 cards per card region 4096
 CPUs: 16 total, 16 available
 Memory: 16043M
 Large Page Support: Disabled
 NUMA Support: Disabled
 Compressed Oops: Enabled (Zero based)
 Heap Region Size: 2M
 Heap Min Capacity: 8M
 Heap Initial Capacity: 252M
 Heap Max Capacity: 4012M
 Pre-touch: Disabled
 Parallel Workers: 13
 Concurrent Workers: 3
 Concurrent Refinement Workers: 13
 Periodic GC: Disabled
Heap:
 garbage-first heap   total 307200K, used 196608K [0x0000000705400000, 0x0000000800000000)
  region size 2048K, 4 young (8192K), 4 survivors (8192K)
 Metaspace       used 78643K, committed 79424K, reserved 1179648K
  class space    used 11072K, committed 11392K, reserved 1048576K
GC Heap History (20 events):
Event: 6.011 GC heap after
{Heap after GC invocations=25 (full 0):
 garbage-first heap   total 90112K, used 56958K [0x0000000705400000, 0x0000000800000000)
  region size 2048K, 2 young (4096K), 2 survivors (4096K)
 Metaspace       used 78642K, committed 79424K, reserved 1179648K
  class space    used 11072K, committed 11392K, reserved 1048576K
}
Event: 6.050 GC heap before
{Heap before GC invocations=26 (full 0):
 garbage-first heap   total 96256K, used 73342K [0x0000000705400000, 0x0000000800000000)
  region size 2048K, 11 young (22528K), 2 survivors (4096K)
 Metaspace       used 78642K, committed 79424K, reserved 1179648K
  class space    used 11072K, committed 11392K, reserved 1048576K
}
Event: 6.055 GC heap after
{Heap after GC invocations=27 (full 0):
 garbage-first heap   total 116736K, used 64450K [0x0000000705400000, 0x0000000800000000)
  region size 2048K, 2 young (4096K), 2 survivors (4096K)
 Metaspace       used 78642K, committed 79424K, reserved 1179648K
  class space    used 11072K, committed 11392K, reserved 1048576K
}
Event: 6.107 GC heap before
{Heap before GC invocations=27 (full 0):
 garbage-first heap   total 116736K, used 93122K [0x0000000705400000, 0x0000000800000000)
  region size 2048K, 16 young (32768K), 2 survivors (4096K)
 Metaspace       used 78642K, committed 79424K, reserved 1179648K
  class space    used 11072K, committed 11392K, reserved 1048576K
}
Event: 6.113 GC heap after
{Heap after GC invocations=28 (full 0):
 garbage-first heap   total 116736K, used 74171K [0x0000000705400000, 0x0000000800000000)
  region size 2048K, 2 young (4096K), 2 survivors (4096K)
 Metaspace       used 78642K, committed 79424K, reserved 1179648K
  class space    used 11072K, committed 11392K, reserved 1048576K
}
Event: 6.139 GC heap before
{Heap before GC invocations=28 (full 0):
 garbage-first heap   total 116736K, used 88507K [0x0000000705400000, 0x0000000800000000)
  region size 2048K, 10 young (20480K), 2 survivors (4096K)
 Metaspace       used 78642K, committed 79424K, reserved 1179648K
  class space    used 11072K, committed 11392K, reserved 1048576K
}
Event: 6.143 GC heap after
{Heap after GC invocations=29 (full 0):
 garbage-first heap   total 116736K, used 81815K [0x0000000705400000, 0x0000000800000000)
  region size 2048K, 2 young (4096K), 2 survivors (4096K)
 Metaspace       used 78642K, committed 79424K, reserved 1179648K
  class space    used 11072K, committed 11392K, reserved 1048576K
}
Event: 6.185 GC heap before
{Heap before GC invocations=29 (full 0):
 garbage-first heap   total 141312K, used 100247K [0x0000000705400000, 0x0000000800000000)
  region size 2048K, 10 young (20480K), 2 survivors (4096K)
 Metaspace       used 78642K, committed 79424K, reserved 1179648K
  class space    used 11072K, committed 11392K, reserved 1048576K
}
Event: 6.191 GC heap after
{Heap after GC invocations=30 (full 0):
 garbage-first heap   total 141312K, used 90233K [0x0000000705400000, 0x0000000800000000)
  region size 2048K, 2 young (4096K), 2 survivors (4096K)
 Metaspace       used 78642K, committed 79424K, reserved 1179648K
  class space    used 11072K, committed 11392K, reserved 1048576K
}
Event: 6.229 GC heap before
{Heap before GC invocations=31 (full 0):
 garbage-first heap   total 141312K, used 114809K [0x0000000705400000, 0x0000000800000000)
  region size 2048K, 14 young (28672K), 2 survivors (4096K)
 Metaspace       used 78642K, committed 79424K, reserved 1179648K
  class space    used 11072K, committed 11392K, reserved 1048576K
}
Event: 6.234 GC heap after
{Heap after GC invocations=32 (full 0):
 garbage-first heap   total 307200K, used 98915K [0x0000000705400000, 0x0000000800000000)
  region size 2048K, 2 young (4096K), 2 survivors (4096K)
 Metaspace       used 78642K, committed 79424K, reserved 1179648K
  class space    used 11072K, committed 11392K, reserved 1048576K
}
Event: 6.425 GC heap before
{Heap before GC invocations=32 (full 0):
 garbage-first heap   total 307200K, used 213603K [0x0000000705400000, 0x0000000800000000)
  region size 2048K, 59 young (120832K), 2 survivors (4096K)
 Metaspace       used 78643K, committed 79424K, reserved 1179648K
  class space    used 11072K, committed 11392K, reserved 1048576K
}
Event: 6.435 GC heap after
{Heap after GC invocations=33 (full 0):
 garbage-first heap   total 307200K, used 116068K [0x0000000705400000, 0x0000000800000000)
  region size 2048K, 8 young (16384K), 8 survivors (16384K)
 Metaspace       used 78643K, committed 79424K, reserved 1179648K
  class space    used 11072K, committed 11392K, reserved 1048576K
}
Event: 6.613 GC heap before
{Heap before GC invocations=33 (full 0):
 garbage-first heap   total 307200K, used 232804K [0x0000000705400000, 0x0000000800000000)
  region size 2048K, 64 young (131072K), 8 survivors (16384K)
 Metaspace       used 78643K, committed 79424K, reserved 1179648K
  class space    used 11072K, committed 11392K, reserved 1048576K
}
Event: 6.631 GC heap after
{Heap after GC invocations=34 (full 0):
 garbage-first heap   total 307200K, used 163503K [0x0000000705400000, 0x0000000800000000)
  region size 2048K, 8 young (16384K), 8 survivors (16384K)
 Metaspace       used 78643K, committed 79424K, reserved 1179648K
  class space    used 11072K, committed 11392K, reserved 1048576K
}
Event: 6.711 GC heap before
{Heap before GC invocations=34 (full 0):
 garbage-first heap   total 307200K, used 212655K [0x0000000705400000, 0x0000000800000000)
  region size 2048K, 33 young (67584K), 8 survivors (16384K)
 Metaspace       used 78643K, committed 79424K, reserved 1179648K
  class space    used 11072K, committed 11392K, reserved 1048576K
}
Event: 6.723 GC heap after
{Heap after GC invocations=35 (full 0):
 garbage-first heap   total 307200K, used 185434K [0x0000000705400000, 0x0000000800000000)
  region size 2048K, 7 young (14336K), 7 survivors (14336K)
 Metaspace       used 78643K, committed 79424K, reserved 1179648K
  class space    used 11072K, committed 11392K, reserved 1048576K
}
Event: 6.847 GC heap before
{Heap before GC invocations=36 (full 0):
 garbage-first heap   total 307200K, used 244826K [0x0000000705400000, 0x0000000800000000)
  region size 2048K, 41 young (83968K), 7 survivors (14336K)
 Metaspace       used 78643K, committed 79424K, reserved 1179648K
  class space    used 11072K, committed 11392K, reserved 1048576K
}
Event: 6.861 GC heap after
{Heap after GC invocations=37 (full 0):
 garbage-first heap   total 307200K, used 203955K [0x0000000705400000, 0x0000000800000000)
  region size 2048K, 6 young (12288K), 6 survivors (12288K)
 Metaspace       used 78643K, committed 79424K, reserved 1179648K
  class space    used 11072K, committed 11392K, reserved 1048576K
}
Event: 6.929 GC heap before
{Heap before GC invocations=37 (full 0):
 garbage-first heap   total 307200K, used 257203K [0x0000000705400000, 0x0000000800000000)
  region size 2048K, 32 young (65536K), 6 survivors (12288K)
 Metaspace       used 78643K, committed 79424K, reserved 1179648K
  class space    used 11072K, committed 11392K, reserved 1048576K
}

